<?xml version="1.0" encoding="UTF-8"?>
<testng-results ignored="0" total="1" passed="1" failed="0" skipped="0">
  <reporter-output>
  </reporter-output>
  <suite started-at="2024-09-02T08:09:07Z" name="Default suite" finished-at="2024-09-02T08:09:14Z" duration-ms="7086">
    <groups>
    </groups>
    <test started-at="2024-09-02T08:09:07Z" name="Default test" finished-at="2024-09-02T08:09:14Z" duration-ms="7086">
      <class name="webdriver.Topic_11_Handle_Button">
        <test-method is-config="true" signature="beforeClass()[pri:0, instance:webdriver.Topic_11_Handle_Button@1672fe87]" started-at="2024-09-02T08:09:07Z" name="beforeClass" finished-at="2024-09-02T08:09:08Z" duration-ms="873" status="PASS">
          <reporter-output>
          </reporter-output>
        </test-method> <!-- beforeClass -->
        <test-method signature="TC_07_Custom_Radio_Noinput()[pri:0, instance:webdriver.Topic_11_Handle_Button@1672fe87]" started-at="2024-09-02T08:09:08Z" name="TC_07_Custom_Radio_Noinput" finished-at="2024-09-02T08:09:09Z" duration-ms="1086" status="PASS">
          <reporter-output>
          </reporter-output>
        </test-method> <!-- TC_07_Custom_Radio_Noinput -->
        <test-method is-config="true" signature="afterClass()[pri:0, instance:webdriver.Topic_11_Handle_Button@1672fe87]" started-at="2024-09-02T08:09:09Z" name="afterClass" finished-at="2024-09-02T08:09:14Z" duration-ms="5117" status="PASS">
          <reporter-output>
          </reporter-output>
        </test-method> <!-- afterClass -->
      </class> <!-- webdriver.Topic_11_Handle_Button -->
    </test> <!-- Default test -->
  </suite> <!-- Default suite -->
</testng-results>
