<?xml version="1.0" encoding="UTF-8"?>
<!-- Generated by org.testng.reporters.JUnitXMLReporter -->
<testsuite ignored="0" hostname="DESKTOP-MMIUFQA" failures="0" tests="4" name="Default test" time="25.565" errors="0" timestamp="25 Aug 2024 13:30:09 GMT">
  <testcase classname="webdriver.Topic_10_Custom_Dropdown" name="TC_01_Jquery" time="1.26"/>
  <testcase classname="webdriver.Topic_10_Custom_Dropdown" name="TC_02_ReactJs" time="6.599"/>
  <testcase classname="webdriver.Topic_10_Custom_Dropdown" name="TC_03_New_Customer" time="11.368"/>
  <testcase classname="webdriver.Topic_10_Custom_Dropdown" name="TC_04_VueJs" time="0.001"/>
</testsuite> <!-- Default test -->
