<?xml version="1.0" encoding="UTF-8"?>
<!-- Generated by org.testng.reporters.JUnitXMLReporter -->
<testsuite ignored="0" hostname="DESKTOP-MMIUFQA" failures="0" tests="4" name="Default test" time="28.124" errors="0" timestamp="28 Aug 2024 17:13:14 GMT">
  <testcase classname="webdriver.Topic_10_Custom_Dropdown2" name="TC_01_Jquery" time="20.997"/>
  <testcase classname="webdriver.Topic_10_Custom_Dropdown2" name="TC_02_ReactJs" time="0.001"/>
  <testcase classname="webdriver.Topic_10_Custom_Dropdown2" name="TC_03_New_Customer" time="0.0"/>
  <testcase classname="webdriver.Topic_10_Custom_Dropdown2" name="TC_04_VueJs" time="1.093"/>
</testsuite> <!-- Default test -->
